------------------------------------------------------------------------------------------------------------------------
Exception message  : Your session has expired due to inactivity.
Your session has expired. You will have to restart the application. In order to keep sessions from expiring you may set the session timeout parameter to a higher value. The current session timeout value is 10 minutes.
Exception class    : EExpiredSession
Session ID         : KVoAa2Sq~NVLqnjdTgnq~oL4nYq
Exception address  : 011F14CC
Exception Time     : 2024-04-16 20:41:38.545
------------------------------------------------------------------------------------------------------------------------
Application Name   : ProjetoExample.exe
Application Version: 
Started at         : 2024-04-16 20:41:35.438
Running for        :  3 seconds
Computer Name      : DEVDELL
Compiler Version   : 350
------------------------------------------------------------------------------------------------------------------------
IntraWeb Version   : 15.6.0
Multi-session      : False
Content Path       : D:\Projetos\IntraWeb\Delphi-IntraWeb-Base\bin\wwwroot\
Session count      : 0
Current Thread ID  : 29516
------------------------------------------------------------------------------------------------------------------------
Session ID         : KVoAa2Sq~NVLqnjdTgnq~oL4nYq
Client IP address  : 127.0.0.1
Request PathInfo   : /$/callback
Request Method     : POST
Request User Agent : Mozilla/5.0 (Windows NT 10.0; Win64; x64; rv:124.0) Gecko/20100101 Firefox/124.0
Cookies Count      : 5
------------------------------------------------------------------------------------------------------------------------
(003A04C7){ProjetoExample.exe} [011F14C7] IWServerSession.TIWServerSession.GetSession$qqrx20System.UnicodeString (Line 1203, "IWServerSession.pas" + 23) + $16
(0039F531){ProjetoExample.exe} [011F0531] IWServerSession.TIWServerSession.ExecuteSession$qqrx20System.UnicodeString (Line 886, "IWServerSession.pas" + 40) + $6
(0038CD1D){ProjetoExample.exe} [011DDD1D] IWServer.TIWServer.ExecuteUrl (Line 725, "IWServer.pas" + 88) + $6
(0038D271){ProjetoExample.exe} [011DE271] IWServer.TIWServer.Execute (Line 809, "IWServer.pas" + 17) + $9
(0039C083){ProjetoExample.exe} [011ED083] IWServerSession.HttpExecute$qqrpuci (Line 152, "IWServerSession.pas" + 2) + $3
(003B95B1){ProjetoExample.exe} [0120A5B1] IWHSysServer.TIWHSysWorker.ExecuteHook (Line 1336, "IWHSysServer.pas" + 4) + $C
(003B7F56){ProjetoExample.exe} [01208F56] IWHSysServer.TIWHSysWorker.ProcessRequest (Line 874, "IWHSysServer.pas" + 19) + $14
(003B7A05){ProjetoExample.exe} [01208A05] IWHSysServer.TIWHSysThread.DoExecute (Line 738, "IWHSysServer.pas" + 13) + $B
(003B7A7F){ProjetoExample.exe} [01208A7F] IWHSysServer.TIWHSysThread.Execute (Line 756, "IWHSysServer.pas" + 7) + $2
(000D5769){ProjetoExample.exe} [00F26769] System.Classes.ThreadProc$qqrxp22System.Classes.TThread (Line 15845, "System.Classes.pas" + 18) + $5
(0000A138){ProjetoExample.exe} [00E5B138] System.ThreadWrapper$qqspv (Line 25778, "System.pas" + 45) + $0

------------------------------------------------------------------------------------------------------------------------
